\BOOKMARK [1][-]{section.1}{\376\377\000I\000n\000t\000r\000o\000d\000u\000c\000c\000i\000\363\000n}{}% 1
\BOOKMARK [1][-]{section.2}{\376\377\000C\000r\000e\000a\000c\000i\000\363\000n\000\040\000d\000e\000l\000\040\000d\000a\000t\000a\000s\000e\000t}{}% 2
\BOOKMARK [2][-]{subsection.2.1}{\376\377\000O\000b\000t\000e\000n\000c\000i\000\363\000n\000\040\000d\000e\000\040\000l\000o\000s\000\040\000v\000\355\000d\000e\000o\000s}{section.2}% 3
\BOOKMARK [2][-]{subsection.2.2}{\376\377\000E\000x\000t\000r\000a\000c\000c\000i\000\363\000n\000\040\000d\000e\000\040\000f\000r\000a\000m\000e\000s}{section.2}% 4
\BOOKMARK [2][-]{subsection.2.3}{\376\377\000P\000r\000o\000b\000l\000e\000m\000a\000s}{section.2}% 5
\BOOKMARK [2][-]{subsection.2.4}{\376\377\000R\000e\000s\000u\000l\000t\000a\000d\000o\000s}{section.2}% 6
\BOOKMARK [1][-]{section.3}{\376\377\000C\000\363\000d\000i\000g\000o\000\040\000d\000e\000s\000a\000r\000r\000o\000l\000l\000a\000d\000o}{}% 7
\BOOKMARK [2][-]{subsection.3.1}{\376\377\000G\000r\000\341\000f\000i\000c\000a\000s\000\040\000p\000a\000r\000a\000\040\000c\000a\000d\000a\000\040\000m\000o\000d\000e\000l\000o}{section.3}% 8
\BOOKMARK [2][-]{subsection.3.2}{\376\377\000G\000r\000\341\000f\000i\000c\000a\000s\000\040\000p\000a\000r\000a\000\040\000c\000o\000m\000p\000a\000r\000a\000r\000\040\000m\000o\000d\000e\000l\000o\000s}{section.3}% 9
\BOOKMARK [1][-]{section.4}{\376\377\000M\000o\000d\000e\000l\000o\000s\000\040\000e\000n\000t\000r\000e\000n\000a\000d\000o\000s}{}% 10
\BOOKMARK [2][-]{subsection.4.1}{\376\377\000M\000o\000d\000e\000l\000o\000s\000\040\000p\000r\000o\000p\000i\000o\000s}{section.4}% 11
\BOOKMARK [3][-]{subsubsection.4.1.1}{\376\377\000P\000e\000r\000c\000e\000p\000t\000r\000\363\000n\000\040\000m\000u\000l\000t\000i\000c\000a\000p\000a}{subsection.4.1}% 12
\BOOKMARK [3][-]{subsubsection.4.1.2}{\376\377\000R\000e\000d\000\040\000c\000o\000n\000v\000o\000l\000u\000c\000i\000o\000n\000a\000l}{subsection.4.1}% 13
\BOOKMARK [2][-]{subsection.4.2}{\376\377\000T\000r\000a\000n\000s\000f\000e\000r\000\040\000L\000e\000a\000r\000n\000i\000n\000g\000\040\000d\000e\000\040\000C\000N\000N}{section.4}% 14
\BOOKMARK [3][-]{subsubsection.4.2.1}{\376\377\000E\000f\000f\000i\000c\000i\000e\000n\000t\000N\000e\000t\000V\0002\000B\0000}{subsection.4.2}% 15
\BOOKMARK [3][-]{subsubsection.4.2.2}{\376\377\000R\000e\000s\000N\000e\000t\0005\0000\000V\0002}{subsection.4.2}% 16
\BOOKMARK [3][-]{subsubsection.4.2.3}{\376\377\000C\000o\000n\000v\000N\000e\000X\000t\000T\000i\000n\000y}{subsection.4.2}% 17
\BOOKMARK [2][-]{subsection.4.3}{\376\377\000T\000r\000a\000n\000s\000f\000e\000r\000\040\000L\000e\000a\000r\000n\000i\000n\000g\000\040\000d\000e\000\040\000t\000r\000a\000n\000s\000f\000o\000r\000m\000e\000r}{section.4}% 18
\BOOKMARK [3][-]{subsubsection.4.3.1}{\376\377\000g\000o\000o\000g\000l\000e\000/\000v\000i\000t\000-\000b\000a\000s\000e}{subsection.4.3}% 19
\BOOKMARK [3][-]{subsubsection.4.3.2}{\376\377\000a\000p\000p\000l\000e\000/\000m\000o\000b\000i\000l\000e\000v\000i\000t\000-\000s\000m\000a\000l\000l}{subsection.4.3}% 20
\BOOKMARK [3][-]{subsubsection.4.3.3}{\376\377\000f\000a\000c\000e\000b\000o\000o\000k\000/\000d\000e\000i\000t}{subsection.4.3}% 21
\BOOKMARK [2][-]{subsection.4.4}{\376\377\000C\000o\000m\000p\000a\000r\000a\000t\000i\000v\000a\000\040\000e\000n\000t\000r\000e\000\040\000m\000o\000d\000e\000l\000o\000s}{section.4}% 22
\BOOKMARK [2][-]{subsection.4.5}{\376\377\000C\000o\000n\000c\000l\000u\000s\000i\000o\000n\000e\000s}{section.4}% 23
\BOOKMARK [1][-]{section.5}{\376\377\000M\000o\000d\000e\000l\000o\000\040\000p\000r\000i\000n\000c\000i\000p\000a\000l}{}% 24
\BOOKMARK [2][-]{subsection.5.1}{\376\377\000E\000n\000t\000r\000e\000n\000a\000m\000i\000e\000n\000t\000o}{section.5}% 25
\BOOKMARK [2][-]{subsection.5.2}{\376\377\000D\000e\000m\000o\000s\000t\000r\000a\000c\000i\000\363\000n\000\040\000y\000\040\000a\000n\000\341\000l\000i\000s\000i\000s\000\040\000d\000e\000\040\000l\000o\000s\000\040\000r\000e\000s\000u\000l\000t\000a\000d\000o\000s}{section.5}% 26
\BOOKMARK [1][-]{section.6}{\376\377\000C\000o\000n\000c\000l\000u\000s\000i\000o\000n\000e\000s\000\040\000f\000i\000n\000a\000l\000e\000s}{}% 27
